{
  "0 debug pnpm:scope": {
    "selected": 1
  },
  "1 error pnpm": {
    "code": "ELIFECYCLE",
    "errno": "ENOENT",
    "syscall": "spawn",
    "file": "sh",
    "pkgid": "newbride@1.0.0",
    "stage": "dev",
    "script": "concurrently --kill-others-on-fail \"yarn server\" \"yarn client\"",
    "pkgname": "newbride",
    "err": {
      "name": "pnpm",
      "message": "newbride@1.0.0 dev: `concurrently --kill-others-on-fail \"yarn server\" \"yarn client\"`\nspawn ENOENT",
      "code": "ELIFECYCLE",
      "stack": "pnpm: newbride@1.0.0 dev: `concurrently --kill-others-on-fail \"yarn server\" \"yarn client\"`\nspawn ENOENT\n    at ChildProcess.<anonymous> (/snapshot/dist/pnpm.cjs)\n    at ChildProcess.emit (events.js:376:20)\n    at maybeClose (internal/child_process.js:1055:16)\n    at Process.ChildProcess._handle.onexit (internal/child_process.js:288:5)"
    }
  },
  "2 warn pnpm:global": " Local package.json exists, but node_modules missing, did you mean to install?"
}